TN:
SF:services\feedService.ts
FN:75,calculateNutrients
FN:91,selectedIngredients.reduce.crudeProtein
FN:128,feedFormulation
FNF:3
FNH:3
FNDA:5,calculateNutrients
FNDA:15,selectedIngredients.reduce.crudeProtein
FNDA:5,feedFormulation
DA:1,1
DA:2,1
DA:3,1
DA:4,1
DA:5,1
DA:6,1
DA:7,1
DA:8,1
DA:9,1
DA:10,1
DA:11,1
DA:12,1
DA:13,1
DA:14,1
DA:15,1
DA:16,1
DA:17,1
DA:18,1
DA:19,1
DA:20,1
DA:21,1
DA:22,1
DA:23,1
DA:24,1
DA:25,1
DA:26,1
DA:27,1
DA:28,1
DA:29,1
DA:30,1
DA:31,1
DA:32,1
DA:33,1
DA:34,1
DA:35,1
DA:36,1
DA:37,1
DA:38,1
DA:39,1
DA:40,1
DA:41,1
DA:42,1
DA:43,1
DA:44,1
DA:45,1
DA:46,1
DA:47,1
DA:48,1
DA:49,1
DA:50,1
DA:51,1
DA:52,1
DA:53,1
DA:54,1
DA:55,1
DA:56,1
DA:57,1
DA:58,1
DA:59,1
DA:60,1
DA:61,1
DA:62,1
DA:63,1
DA:64,1
DA:65,1
DA:66,1
DA:67,1
DA:68,1
DA:69,1
DA:70,1
DA:71,1
DA:72,1
DA:73,1
DA:74,1
DA:75,1
DA:76,5
DA:77,5
DA:78,5
DA:79,5
DA:80,5
DA:81,5
DA:82,15
DA:83,15
DA:84,5
DA:85,5
DA:86,5
DA:87,5
DA:88,5
DA:89,5
DA:90,5
DA:91,5
DA:92,15
DA:93,15
DA:94,15
DA:95,15
DA:96,15
DA:97,15
DA:98,15
DA:99,15
DA:100,15
DA:101,15
DA:102,15
DA:103,15
DA:104,15
DA:105,5
DA:106,5
DA:107,5
DA:108,5
DA:109,5
DA:110,5
DA:111,5
DA:112,5
DA:113,5
DA:114,5
DA:115,5
DA:116,5
DA:117,5
DA:118,15
DA:119,15
DA:120,5
DA:121,5
DA:122,5
DA:123,5
DA:124,5
DA:125,5
DA:126,5
DA:127,1
DA:128,1
DA:129,5
DA:130,15
DA:131,5
DA:132,5
DA:133,5
DA:134,0
DA:135,0
DA:136,5
DA:137,5
DA:138,5
DA:139,1
DA:140,1
LF:140
LH:138
BRDA:75,0,0,5
BRDA:80,1,0,15
BRDA:81,2,0,15
BRDA:91,3,0,15
BRDA:117,4,0,15
BRDA:128,5,0,5
BRDA:133,6,0,0
BRDA:129,7,0,15
BRDA:130,8,0,35
BRF:9
BRH:8
end_of_record
